<?xml version="1.0" encoding="UTF-8"?>
<!-- Generated by org.testng.reporters.JUnitReportReporter -->
<testsuite hostname="TAUQEER" failures="0" tests="2" name="Runner.TestApplication" time="230.181" errors="0" timestamp="2024-11-06T11:16:56 IST" skipped="0">
  <testcase classname="Runner.TestApplication" name="runScenario" time="20.040"/>
  <system-out/>
  <testcase classname="Runner.TestApplication" name="runScenario" time="210.141"/>
  <system-out/>
</testsuite> <!-- Runner.TestApplication -->
